<?xml version="1.0" encoding="UTF-8" ?>
<testsuite tests="4" failures="0" name="ut.CalculatorTest" time="0.002" errors="0" skipped="0">
  <properties>
    <property name="jansi.mode" value="strip"/>
    <property name="java.runtime.name" value="Java(TM) SE Runtime Environment"/>
    <property name="java.vm.version" value="11.0.16+11-LTS-199"/>
    <property name="sun.boot.library.path" value="C:\Program Files\Java\jdk-11.0.16\bin"/>
    <property name="maven.multiModuleProjectDirectory" value="C:\Users\vsrkr\git\repository9\jntu_calc_application"/>
    <property name="java.vm.vendor" value="Oracle Corporation"/>
    <property name="java.vendor.url" value="https://openjdk.java.net/"/>
    <property name="guice.disable.misplaced.annotation.check" value="true"/>
    <property name="path.separator" value=";"/>
    <property name="java.vm.name" value="Java HotSpot(TM) 64-Bit Server VM"/>
    <property name="sun.os.patch.level" value=""/>
    <property name="user.script" value=""/>
    <property name="user.country" value="IN"/>
    <property name="sun.java.launcher" value="SUN_STANDARD"/>
    <property name="java.vm.specification.name" value="Java Virtual Machine Specification"/>
    <property name="user.dir" value="C:\Users\vsrkr\git\repository9\jntu_calc_application"/>
    <property name="java.vm.compressedOopsMode" value="Zero based"/>
    <property name="java.runtime.version" value="11.0.16+11-LTS-199"/>
    <property name="java.awt.graphicsenv" value="sun.awt.Win32GraphicsEnvironment"/>
    <property name="os.arch" value="amd64"/>
    <property name="java.io.tmpdir" value="C:\Users\vsrkr\AppData\Local\Temp\"/>
    <property name="line.separator" value="
"/>
    <property name="java.vm.specification.vendor" value="Oracle Corporation"/>
    <property name="user.variant" value=""/>
    <property name="os.name" value="Windows 11"/>
    <property name="classworlds.conf" value="C:\Users\vsrkr\eclipse-workspace\pipeline 5\.metadata\.plugins\org.eclipse.m2e.launching\launches\m2conf550537670789364534.tmp"/>
    <property name="sun.jnu.encoding" value="Cp1252"/>
    <property name="java.library.path" value="C:\Program Files\Java\jdk-11.0.16\bin;C:\WINDOWS\Sun\Java\bin;C:\WINDOWS\system32;C:\WINDOWS;C:\Program Files\Common Files\Oracle\Java\javapath;C:\WINDOWS\system32;C:\WINDOWS;C:\WINDOWS\System32\Wbem;C:\WINDOWS\System32\WindowsPowerShell\v1.0\;C:\WINDOWS\System32\OpenSSH\;C:\Users\vsrkr\opencv\Scripts;C:\Program Files\Git\cmd;C:\Program Files\Java\jdk-21.0.2\bin;C:\Program Files\apache-maven-3.8.6-bin\apache-maven-3.8.6\bin;C:\Program Files\dotnet\;C:\Users\vsrkr\Downloads\sonarqube-10.4.1.88267\sonarqube-10.4.1.88267\bin;C:\Users\vsrkr\Downloads\sonarqube-8.9.10.61524\sonarqube-8.9.10.61524\bin;C:\Program Files\Docker\Docker\resources\bin;C:\Users\vsrkr\AppData\Local\Programs\Python\Python311\Scripts\;C:\Users\vsrkr\AppData\Local\Programs\Python\Python311\;C:\Users\vsrkr\AppData\Local\Microsoft\WindowsApps;C:\Program Files\Java\jdk-21.0.2\bin;C:\Program Files\apache-maven-3.8.6-bin\apache-maven-3.8.6\bin;C:\Users\vsrkr\.dotnet\tools;C:\Users\vsrkr\Downloads\sonarqube-10.4.1.88267\sonarqube-10.4.1.88267\bin;C:\Users\vsrkr\Downloads\sonarqube-8.9.10.61524\sonarqube-8.9.10.61524\bin;;."/>
    <property name="jdk.debug" value="release"/>
    <property name="java.class.version" value="55.0"/>
    <property name="java.specification.name" value="Java Platform API Specification"/>
    <property name="sun.management.compiler" value="HotSpot 64-Bit Tiered Compilers"/>
    <property name="os.version" value="10.0"/>
    <property name="user.home" value="C:\Users\vsrkr"/>
    <property name="user.timezone" value="Asia/Calcutta"/>
    <property name="java.awt.printerjob" value="sun.awt.windows.WPrinterJob"/>
    <property name="file.encoding" value="UTF-8"/>
    <property name="java.specification.version" value="11"/>
    <property name="user.name" value="vsrkr"/>
    <property name="java.class.path" value="C:\Users\vsrkr\.p2\pool\plugins\org.eclipse.m2e.maven.runtime_1.18.3.20220227-1319\jars\plexus-classworlds-2.6.0.jar"/>
    <property name="java.vm.specification.version" value="11"/>
    <property name="sun.arch.data.model" value="64"/>
    <property name="sun.java.command" value="org.codehaus.plexus.classworlds.launcher.Launcher -B clean compile test jacoco:report sonar:sonar war:war deploy"/>
    <property name="java.home" value="C:\Program Files\Java\jdk-11.0.16"/>
    <property name="user.language" value="en"/>
    <property name="java.specification.vendor" value="Oracle Corporation"/>
    <property name="awt.toolkit" value="sun.awt.windows.WToolkit"/>
    <property name="java.vm.info" value="mixed mode"/>
    <property name="java.version" value="11.0.16"/>
    <property name="java.vendor" value="Oracle Corporation"/>
    <property name="maven.home" value="C:\Users\vsrkr\git\repository9\jntu_calc_application\EMBEDDED"/>
    <property name="file.separator" value="\"/>
    <property name="java.version.date" value="2022-07-19"/>
    <property name="java.vendor.url.bug" value="https://bugreport.java.com/bugreport/"/>
    <property name="sun.io.unicode.encoding" value="UnicodeLittle"/>
    <property name="sun.cpu.endian" value="little"/>
    <property name="java.vendor.version" value="18.9"/>
    <property name="sun.desktop" value="windows"/>
    <property name="sun.cpu.isalist" value="amd64"/>
  </properties>
  <testcase classname="ut.CalculatorTest" name="testAdd" time="0.002"/>
  <testcase classname="ut.CalculatorTest" name="testDiv" time="0"/>
  <testcase classname="ut.CalculatorTest" name="testMul" time="0"/>
  <testcase classname="ut.CalculatorTest" name="testSub" time="0"/>
</testsuite>